2023-01-16 09:23:39,487: INFO - Start running
2023-01-16 09:23:49,198: INFO - Ctlr-C pressed
2023-01-16 09:23:49,198: INFO - Exiting...
2023-01-16 09:24:29,301: INFO - Start running
2023-01-16 09:24:29,385: DEBUG - Create task
2023-01-16 09:24:39,485: INFO - Ctlr-C pressed
2023-01-16 09:24:39,486: INFO - Exiting...
2023-01-16 09:25:41,305: INFO - Start running
2023-01-16 09:55:38,542: INFO - Start running
2023-01-16 09:56:13,204: INFO - ctrl-C pressed
2023-01-16 09:56:13,209: INFO - Exiting...
2023-01-16 12:20:38,417: INFO - Start running
2023-01-16 12:20:50,777: INFO - ctrl-C pressed
2023-01-16 12:20:50,778: INFO - Exiting...
2023-01-16 13:28:03,317: INFO - Start running
2023-01-16 13:28:12,437: INFO - ctrl-C pressed
2023-01-16 13:28:12,438: INFO - Exiting...
2023-01-16 13:57:50,984: INFO - Start running
2023-01-16 13:58:00,473: INFO - ctrl-C pressed
2023-01-16 13:58:00,475: INFO - Exiting...
