1677587856506	geckodriver	INFO	Listening on 127.0.0.1:57154
1677587859557	mozrunner::runner	INFO	Running command: "C:\\Program Files\\Mozilla Firefox\\firefox.exe" "--marionette" "--remote-debugging-port" "57155" "--remote-allow-hosts" "localhost" "-no-remote" "-profile" "C:\\Users\\liorm\\AppData\\Local\\Temp\\rust_mozprofileMURnoN"
console.warn: services.settings: Ignoring preference override of remote settings server
console.warn: services.settings: Allow by setting MOZ_REMOTE_SETTINGS_DEVTOOLS=1 in the environment
1677587860115	Marionette	INFO	Marionette enabled
Dynamically enable window occlusion 0
1677587860121	Marionette	INFO	Listening on port 57164
Read port: 57164
WebDriver BiDi listening on ws://127.0.0.1:57155
1677587860313	RemoteAgent	WARN	TLS certificate errors will be ignored for this session
console.warn: SearchSettings: "get: No settings file exists, new profile?" (new NotFoundError("Could not open the file at C:\\Users\\liorm\\AppData\\Local\\Temp\\rust_mozprofileMURnoN\\search.json.mozlz4", (void 0)))
DevTools listening on ws://127.0.0.1:57155/devtools/browser/de706d1a-4984-414e-90a8-d9b85a7cfe2b
console.warn: LoginRecipes: "Falling back to a synchronous message for: https://control.wint.ai."
console.warn: LoginRecipes: "Falling back to a synchronous message for: https://control.wint.ai."
1677587880933	Marionette	WARN	Ignoring event 'DOMContentLoaded' because document has an invalid readyState of 'complete'.
console.warn: LoginRecipes: "Falling back to a synchronous message for: https://control.wint.ai."
1677587956474	Marionette	WARN	TimedPromise timed out after 500 ms: stacktrace:
TimedPromise/<@chrome://remote/content/marionette/sync.sys.mjs:219:24
TimedPromise@chrome://remote/content/marionette/sync.sys.mjs:204:10
interaction.flushEventLoop@chrome://remote/content/marionette/interaction.sys.mjs:425:10
webdriverClickElement@chrome://remote/content/marionette/interaction.sys.mjs:173:31
1677587982622	Marionette	INFO	Stopped listening on port 57164
Dynamically enable window occlusion 1
1677588090000	geckodriver	INFO	Listening on 127.0.0.1:57357
1677588093051	mozrunner::runner	INFO	Running command: "C:\\Program Files\\Mozilla Firefox\\firefox.exe" "--marionette" "--remote-debugging-port" "57358" "--remote-allow-hosts" "localhost" "-no-remote" "-profile" "C:\\Users\\liorm\\AppData\\Local\\Temp\\rust_mozprofilevgwIBh"
console.warn: services.settings: Ignoring preference override of remote settings server
console.warn: services.settings: Allow by setting MOZ_REMOTE_SETTINGS_DEVTOOLS=1 in the environment
1677588093431	Marionette	INFO	Marionette enabled
Dynamically enable window occlusion 0
1677588093438	Marionette	INFO	Listening on port 57367
Read port: 57367
WebDriver BiDi listening on ws://127.0.0.1:57358
1677588093577	RemoteAgent	WARN	TLS certificate errors will be ignored for this session
console.warn: SearchSettings: "get: No settings file exists, new profile?" (new NotFoundError("Could not open the file at C:\\Users\\liorm\\AppData\\Local\\Temp\\rust_mozprofilevgwIBh\\search.json.mozlz4", (void 0)))
DevTools listening on ws://127.0.0.1:57358/devtools/browser/02d73acf-2fde-4db8-85a9-8360116339c0
console.warn: LoginRecipes: "Falling back to a synchronous message for: https://control.wint.ai."
console.warn: LoginRecipes: "Falling back to a synchronous message for: https://control.wint.ai."
console.warn: LoginRecipes: "Falling back to a synchronous message for: https://control.wint.ai."
console.warn: LoginRecipes: "Falling back to a synchronous message for: https://control.wint.ai."
1677588186400	Marionette	WARN	TimedPromise timed out after 500 ms: stacktrace:
TimedPromise/<@chrome://remote/content/marionette/sync.sys.mjs:219:24
TimedPromise@chrome://remote/content/marionette/sync.sys.mjs:204:10
interaction.flushEventLoop@chrome://remote/content/marionette/interaction.sys.mjs:425:10
webdriverClickElement@chrome://remote/content/marionette/interaction.sys.mjs:173:31
1677588252389	Marionette	INFO	Stopped listening on port 57367
Dynamically enable window occlusion 1
1677588278342	geckodriver	INFO	Listening on 127.0.0.1:57546
1677588281398	mozrunner::runner	INFO	Running command: "C:\\Program Files\\Mozilla Firefox\\firefox.exe" "--marionette" "--remote-debugging-port" "57547" "--remote-allow-hosts" "localhost" "-no-remote" "-profile" "C:\\Users\\liorm\\AppData\\Local\\Temp\\rust_mozprofileZJOB3X"
console.warn: services.settings: Ignoring preference override of remote settings server
console.warn: services.settings: Allow by setting MOZ_REMOTE_SETTINGS_DEVTOOLS=1 in the environment
1677588281771	Marionette	INFO	Marionette enabled
Dynamically enable window occlusion 0
1677588281777	Marionette	INFO	Listening on port 57555
Read port: 57555
WebDriver BiDi listening on ws://127.0.0.1:57547
1677588281911	RemoteAgent	WARN	TLS certificate errors will be ignored for this session
console.warn: SearchSettings: "get: No settings file exists, new profile?" (new NotFoundError("Could not open the file at C:\\Users\\liorm\\AppData\\Local\\Temp\\rust_mozprofileZJOB3X\\search.json.mozlz4", (void 0)))
DevTools listening on ws://127.0.0.1:57547/devtools/browser/7750480d-edfb-4566-982c-cf23f29cac90
console.warn: LoginRecipes: "Falling back to a synchronous message for: https://control.wint.ai."
console.warn: LoginRecipes: "Falling back to a synchronous message for: https://control.wint.ai."
console.warn: LoginRecipes: "Falling back to a synchronous message for: https://control.wint.ai."
1677588374557	Marionette	WARN	TimedPromise timed out after 500 ms: stacktrace:
TimedPromise/<@chrome://remote/content/marionette/sync.sys.mjs:219:24
TimedPromise@chrome://remote/content/marionette/sync.sys.mjs:204:10
interaction.flushEventLoop@chrome://remote/content/marionette/interaction.sys.mjs:425:10
webdriverClickElement@chrome://remote/content/marionette/interaction.sys.mjs:173:31
1677588400646	Marionette	INFO	Stopped listening on port 57555
Dynamically enable window occlusion 1
[Parent 229528, IPC I/O Parent] WARNING: DuplicateHandle failed for handle 0 in TransferHandles: file /builds/worker/checkouts/gecko/ipc/chromium/src/chrome/common/ipc_channel_win.cc:777
1677588677151	geckodriver	INFO	Listening on 127.0.0.1:57838
1677588680207	mozrunner::runner	INFO	Running command: "C:\\Program Files\\Mozilla Firefox\\firefox.exe" "--marionette" "--remote-debugging-port" "57839" "--remote-allow-hosts" "localhost" "-no-remote" "-profile" "C:\\Users\\liorm\\AppData\\Local\\Temp\\rust_mozprofile3hUgxn"
console.warn: services.settings: Ignoring preference override of remote settings server
console.warn: services.settings: Allow by setting MOZ_REMOTE_SETTINGS_DEVTOOLS=1 in the environment
1677588680579	Marionette	INFO	Marionette enabled
Dynamically enable window occlusion 0
1677588680585	Marionette	INFO	Listening on port 57849
Read port: 57849
WebDriver BiDi listening on ws://127.0.0.1:57839
1677588680727	RemoteAgent	WARN	TLS certificate errors will be ignored for this session
console.warn: SearchSettings: "get: No settings file exists, new profile?" (new NotFoundError("Could not open the file at C:\\Users\\liorm\\AppData\\Local\\Temp\\rust_mozprofile3hUgxn\\search.json.mozlz4", (void 0)))
DevTools listening on ws://127.0.0.1:57839/devtools/browser/feda38e1-5a0e-435d-9e8b-132632dbf1c5
console.warn: LoginRecipes: "Falling back to a synchronous message for: https://control.wint.ai."
console.warn: LoginRecipes: "Falling back to a synchronous message for: https://control.wint.ai."
console.warn: LoginRecipes: "Falling back to a synchronous message for: https://control.wint.ai."
1677588787100	Marionette	WARN	TimedPromise timed out after 500 ms: stacktrace:
TimedPromise/<@chrome://remote/content/marionette/sync.sys.mjs:219:24
TimedPromise@chrome://remote/content/marionette/sync.sys.mjs:204:10
interaction.flushEventLoop@chrome://remote/content/marionette/interaction.sys.mjs:425:10
webdriverClickElement@chrome://remote/content/marionette/interaction.sys.mjs:173:31
1677588819700	Marionette	INFO	Stopped listening on port 57849
Dynamically enable window occlusion 1
